0 info it worked if it ends with ok
1 verbose cli [ '/usr/local/bin/node',
1 verbose cli   '/usr/local/bin/npm',
1 verbose cli   'install',
1 verbose cli   '-g',
1 verbose cli   'standard-format' ]
2 info using npm@2.15.1
3 info using node@v4.4.3
4 verbose install initial load of /usr/local/lib/package.json
5 verbose readDependencies loading dependencies from /usr/local/lib/package.json
6 silly cache add args [ 'standard-format', null ]
7 verbose cache add spec standard-format
8 silly cache add parsed spec Result {
8 silly cache add   raw: 'standard-format',
8 silly cache add   scope: null,
8 silly cache add   name: 'standard-format',
8 silly cache add   rawSpec: '',
8 silly cache add   spec: 'latest',
8 silly cache add   type: 'tag' }
9 silly addNamed standard-format@latest
10 verbose addNamed "latest" is being treated as a dist-tag for standard-format
11 info addNameTag [ 'standard-format', 'latest' ]
12 silly mapToRegistry name standard-format
13 silly mapToRegistry using default registry
14 silly mapToRegistry registry https://registry.npmjs.org/
15 silly mapToRegistry data Result {
15 silly mapToRegistry   raw: 'standard-format',
15 silly mapToRegistry   scope: null,
15 silly mapToRegistry   name: 'standard-format',
15 silly mapToRegistry   rawSpec: '',
15 silly mapToRegistry   spec: 'latest',
15 silly mapToRegistry   type: 'tag' }
16 silly mapToRegistry uri https://registry.npmjs.org/standard-format
17 verbose addNameTag registry:https://registry.npmjs.org/standard-format not in flight; fetching
18 verbose request uri https://registry.npmjs.org/standard-format
19 verbose request no auth needed
20 info attempt registry request try #1 at 10:09:23 PM
21 verbose request id 6b4c17fe95a1f19b
22 http request GET https://registry.npmjs.org/standard-format
23 http 200 https://registry.npmjs.org/standard-format
24 verbose headers { server: 'CouchDB/1.5.0 (Erlang OTP/R16B03)',
24 verbose headers   etag: '"B1V1T8A4D482B0C1OEN4AVW7Q"',
24 verbose headers   'content-type': 'application/json',
24 verbose headers   'cache-control': 'max-age=300',
24 verbose headers   'content-length': '62221',
24 verbose headers   'accept-ranges': 'bytes',
24 verbose headers   date: 'Tue, 26 Apr 2016 15:09:24 GMT',
24 verbose headers   via: '1.1 varnish',
24 verbose headers   age: '0',
24 verbose headers   connection: 'keep-alive',
24 verbose headers   'x-served-by': 'cache-sin6920-SIN',
24 verbose headers   'x-cache': 'HIT',
24 verbose headers   'x-cache-hits': '1',
24 verbose headers   'x-timer': 'S1461683363.836404,VS0,VE845',
24 verbose headers   vary: 'Accept-Encoding' }
25 silly get cb [ 200,
25 silly get   { server: 'CouchDB/1.5.0 (Erlang OTP/R16B03)',
25 silly get     etag: '"B1V1T8A4D482B0C1OEN4AVW7Q"',
25 silly get     'content-type': 'application/json',
25 silly get     'cache-control': 'max-age=300',
25 silly get     'content-length': '62221',
25 silly get     'accept-ranges': 'bytes',
25 silly get     date: 'Tue, 26 Apr 2016 15:09:24 GMT',
25 silly get     via: '1.1 varnish',
25 silly get     age: '0',
25 silly get     connection: 'keep-alive',
25 silly get     'x-served-by': 'cache-sin6920-SIN',
25 silly get     'x-cache': 'HIT',
25 silly get     'x-cache-hits': '1',
25 silly get     'x-timer': 'S1461683363.836404,VS0,VE845',
25 silly get     vary: 'Accept-Encoding' } ]
26 verbose get saving standard-format to /Users/bothon/.npm/registry.npmjs.org/standard-format/.cache.json
27 verbose correctMkdir /Users/bothon/.npm correctMkdir not in flight; initializing
28 silly addNameTag next cb for standard-format with tag latest
29 silly addNamed standard-format@2.1.1
30 verbose addNamed "2.1.1" is a plain semver version for standard-format
31 silly mapToRegistry name standard-format
32 silly mapToRegistry using default registry
33 silly mapToRegistry registry https://registry.npmjs.org/
34 silly mapToRegistry data Result {
34 silly mapToRegistry   raw: 'standard-format',
34 silly mapToRegistry   scope: null,
34 silly mapToRegistry   name: 'standard-format',
34 silly mapToRegistry   rawSpec: '',
34 silly mapToRegistry   spec: 'latest',
34 silly mapToRegistry   type: 'tag' }
35 silly mapToRegistry uri https://registry.npmjs.org/standard-format
36 verbose addRemoteTarball https://registry.npmjs.org/standard-format/-/standard-format-2.1.1.tgz not in flight; adding
37 verbose addRemoteTarball [ 'https://registry.npmjs.org/standard-format/-/standard-format-2.1.1.tgz',
37 verbose addRemoteTarball   'd83f2619f262b902debe365782bcfc108576905b' ]
38 info retry fetch attempt 1 at 10:09:25 PM
39 info attempt registry request try #1 at 10:09:25 PM
40 http fetch GET https://registry.npmjs.org/standard-format/-/standard-format-2.1.1.tgz
41 http fetch 200 https://registry.npmjs.org/standard-format/-/standard-format-2.1.1.tgz
42 silly fetchAndShaCheck shasum d83f2619f262b902debe365782bcfc108576905b
43 verbose addTmpTarball /var/folders/t7/cyc4lhf92zv7y3_l4phc8md80000gn/T/npm-2486-e8b041b3/registry.npmjs.org/standard-format/-/standard-format-2.1.1.tgz not in flight; adding
44 verbose addTmpTarball already have metadata; skipping unpack for standard-format@2.1.1
45 verbose correctMkdir /Users/bothon/.npm correctMkdir not in flight; initializing
46 silly cache afterAdd standard-format@2.1.1
47 verbose afterAdd /Users/bothon/.npm/standard-format/2.1.1/package/package.json not in flight; writing
48 verbose correctMkdir /Users/bothon/.npm correctMkdir not in flight; initializing
49 verbose afterAdd /Users/bothon/.npm/standard-format/2.1.1/package/package.json written
50 silly install resolved [ { name: 'standard-format',
50 silly install resolved     version: '2.1.1',
50 silly install resolved     description: 'attempts to reformat javascript to comply with feross/standard style',
50 silly install resolved     main: 'index.js',
50 silly install resolved     bin: { 'standard-format': './bin.js' },
50 silly install resolved     scripts:
50 silly install resolved      { test: 'standard | snazzy && tape test/*.js | tap-spec',
50 silly install resolved        'test-file': '<test/test-files/test.js ./bin.js | standard',
50 silly install resolved        failing: 'standard && tape test/failing/*.js | tap-spec' },
50 silly install resolved     repository:
50 silly install resolved      { type: 'git',
50 silly install resolved        url: 'git+https://github.com/maxogden/standard-format.git' },
50 silly install resolved     author: { name: 'max ogden' },
50 silly install resolved     license: 'BSD-2-Clause',
50 silly install resolved     bugs: { url: 'https://github.com/maxogden/standard-format/issues' },
50 silly install resolved     homepage: 'https://github.com/maxogden/standard-format',
50 silly install resolved     dependencies:
50 silly install resolved      { deglob: '^1.0.0',
50 silly install resolved        esformatter: '^0.9.0',
50 silly install resolved        'esformatter-eol-last': '^1.0.0',
50 silly install resolved        'esformatter-jsx': '^3.0.0',
50 silly install resolved        'esformatter-literal-notation': '^1.0.0',
50 silly install resolved        'esformatter-quotes': '^1.0.0',
50 silly install resolved        'esformatter-semicolon-first': '^1.1.0',
50 silly install resolved        'esformatter-spaced-lined-comment': '^2.0.0',
50 silly install resolved        minimist: '^1.1.0',
50 silly install resolved        stdin: '0.0.1' },
50 silly install resolved     devDependencies:
50 silly install resolved      { 'concat-stream': '^1.4.7',
50 silly install resolved        debug: '^2.1.1',
50 silly install resolved        once: '^1.3.1',
50 silly install resolved        'skip-stream': '0.0.3',
50 silly install resolved        snazzy: '^2.0.1',
50 silly install resolved        split: '^1.0.0',
50 silly install resolved        standard: '^5.0.0',
50 silly install resolved        'stream-reduce': '^1.0.3',
50 silly install resolved        'tap-spec': '^4.1.0',
50 silly install resolved        tape: '^4.2.0' },
50 silly install resolved     standard: { ignore: [Object] },
50 silly install resolved     gitHead: 'efd8f15967212915aa872658adbc6fbc4a393c4a',
50 silly install resolved     _id: 'standard-format@2.1.1',
50 silly install resolved     _shasum: 'd83f2619f262b902debe365782bcfc108576905b',
50 silly install resolved     _from: 'standard-format@latest',
50 silly install resolved     _npmVersion: '2.14.12',
50 silly install resolved     _nodeVersion: '4.3.0',
50 silly install resolved     _npmUser: { name: 'feross', email: 'feross@feross.org' },
50 silly install resolved     dist:
50 silly install resolved      { shasum: 'd83f2619f262b902debe365782bcfc108576905b',
50 silly install resolved        tarball: 'https://registry.npmjs.org/standard-format/-/standard-format-2.1.1.tgz' },
50 silly install resolved     maintainers: [ [Object], [Object], [Object], [Object], [Object] ],
50 silly install resolved     _npmOperationalInternal:
50 silly install resolved      { host: 'packages-9-west.internal.npmjs.com',
50 silly install resolved        tmp: 'tmp/standard-format-2.1.1.tgz_1456261654369_0.9296067720279098' },
50 silly install resolved     directories: {},
50 silly install resolved     _resolved: 'https://registry.npmjs.org/standard-format/-/standard-format-2.1.1.tgz' } ]
51 info install standard-format@2.1.1 into /usr/local/lib
52 info installOne standard-format@2.1.1
53 verbose installOne of standard-format to /usr/local/lib not in flight; installing
54 verbose correctMkdir /Users/bothon/.npm/_locks correctMkdir not in flight; initializing
55 verbose lock using /Users/bothon/.npm/_locks/standard-format-d68112adff6e8875.lock for /usr/local/lib/node_modules/standard-format
56 silly install write writing standard-format 2.1.1 to /usr/local/lib/node_modules/standard-format
57 verbose unbuild lib/node_modules/standard-format
58 silly gentlyRm /usr/local/lib/node_modules/standard-format is being purged from base /usr/local
59 verbose gentlyRm don't care about contents; nuking /usr/local/lib/node_modules/standard-format
60 verbose tar unpack /Users/bothon/.npm/standard-format/2.1.1/package.tgz
61 verbose tar unpacking to /usr/local/lib/node_modules/standard-format
62 silly gentlyRm /usr/local/lib/node_modules/standard-format is being purged
63 verbose gentlyRm don't care about contents; nuking /usr/local/lib/node_modules/standard-format
64 silly gunzTarPerm modes [ '755', '644' ]
65 error tar.unpack untar error /Users/bothon/.npm/standard-format/2.1.1/package.tgz
66 verbose unlock done using /Users/bothon/.npm/_locks/standard-format-d68112adff6e8875.lock for /usr/local/lib/node_modules/standard-format
67 verbose fstream_path /usr/local/lib/node_modules/standard-format
68 verbose fstream_type Directory
69 verbose fstream_class DirWriter
70 verbose stack Error: EACCES: permission denied, mkdir '/usr/local/lib/node_modules/standard-format'
70 verbose stack     at Error (native)
71 verbose fstream_stack /usr/local/lib/node_modules/npm/node_modules/fstream/lib/dir-writer.js:35:25
71 verbose fstream_stack /usr/local/lib/node_modules/npm/node_modules/mkdirp/index.js:47:53
71 verbose fstream_stack FSReqWrap.oncomplete (fs.js:82:15)
72 verbose cwd /Applications/MAMP/htdocs/Forwork
73 error Darwin 15.4.0
74 error argv "/usr/local/bin/node" "/usr/local/bin/npm" "install" "-g" "standard-format"
75 error node v4.4.3
76 error npm  v2.15.1
77 error path /usr/local/lib/node_modules/standard-format
78 error code EACCES
79 error errno -13
80 error syscall mkdir
81 error Error: EACCES: permission denied, mkdir '/usr/local/lib/node_modules/standard-format'
81 error     at Error (native)
81 error  { [Error: EACCES: permission denied, mkdir '/usr/local/lib/node_modules/standard-format']
81 error   errno: -13,
81 error   code: 'EACCES',
81 error   syscall: 'mkdir',
81 error   path: '/usr/local/lib/node_modules/standard-format',
81 error   fstream_type: 'Directory',
81 error   fstream_path: '/usr/local/lib/node_modules/standard-format',
81 error   fstream_class: 'DirWriter',
81 error   fstream_stack:
81 error    [ '/usr/local/lib/node_modules/npm/node_modules/fstream/lib/dir-writer.js:35:25',
81 error      '/usr/local/lib/node_modules/npm/node_modules/mkdirp/index.js:47:53',
81 error      'FSReqWrap.oncomplete (fs.js:82:15)' ] }
82 error Please try running this command again as root/Administrator.
83 verbose exit [ -13, true ]
84 verbose unbuild lib/node_modules/standard-format
85 silly gentlyRm /usr/local/lib/node_modules/standard-format is being purged from base /usr/local
86 verbose gentlyRm don't care about contents; nuking /usr/local/lib/node_modules/standard-format
